<?xml version="1.0" encoding="UTF-8"?>
<!-- Generated by org.testng.reporters.JUnitReportReporter -->
<testsuite hostname="DESKTOP-7SIHQCV" failures="0" tests="1" name="vctcTest.ValidateTextName" time="0.629" errors="0" timestamp="2022-12-16T23:27:47 IST" skipped="0">
  <testcase classname="vctcTest.ValidateTextName" name="validateTextName" time="0.629"/>
  <system-out>
    <![CDATA[waiting for1000mills
reading value oftextfrom property file]]>
  </system-out>
</testsuite> <!-- vctcTest.ValidateTextName -->
